[2018-03-26T16:21:51.484] [DEBUG] mc - sql connection pool ok={"server":"localhost","host":"localhost","dbname":"mceo","user":"root","password":".-0P~[!v","port":3306} rte(/) lne(connect(): lib/mysql_object.js:32:13)
[2018-03-26T16:21:51.505] [INFO] mc - Log file has been flushed clean.
[2018-03-26T16:21:51.506] [TRACE] mc - Entering cheese testing
[2018-03-26T16:21:51.506] [DEBUG] mc - Got cheese.
[2018-03-26T16:21:51.506] [INFO] mc - Cheese is Gouda.
[2018-03-26T16:21:51.507] [WARN] mc - Cheese is quite smelly.
[2018-03-26T16:21:51.507] [ERROR] mc - Cheese is too ripe!
[2018-03-26T16:21:51.507] [FATAL] mc - Cheese was breeding ground for listeria.
[2018-03-26T16:21:56.631] [DEBUG] mc - route(/get/roles/grid) rte(/get/roles/grid) reqIP(::1) act(post) lne(processRoute(): helper/server.js:103:12)
[2018-03-26T16:21:56.637] [DEBUG] mc - results=debug 10.00 rte(/get/roles/grid) client() act(post) lne(processRoute(): helper/server.js:150:10)
[2018-03-26T16:21:56.651] [TRACE] mc - file loading=./lib/appenders/vars.js rte(/get/roles/grid) act(post) object(promise_toolkit_factory.appender) file(app.js)
[2018-03-26T16:21:56.653] [TRACE] mc - file loading=./lib/appenders/classes.js rte(/get/roles/grid) act(post) object(promise_toolkit_factory.appender) file(app.js)
[2018-03-26T16:21:56.654] [INFO] mc - checking class(f1o) typeof(object) rte(/get/roles/grid) act(post) object(classes.init) file(classes.js)
[2018-03-26T16:21:56.655] [TRACE] mc - file loading=./lib/appenders/functions.js rte(/get/roles/grid) act(post) object(promise_toolkit_factory.appender) file(app.js)
[2018-03-26T16:21:56.657] [INFO] mc - checking function(f1o.init) rte(/get/roles/grid) act(post) object(functions.init) file(functions.js)
[2018-03-26T16:21:56.658] [TRACE] mc - looking for class(f1o) rte(/get/roles/grid) act(post) object(promise_toolkit_factory.find_class) file(app.js)
[2018-03-26T16:21:56.658] [DEBUG] mc - function(f1o)=(f1o) confirmed rte(/get/roles/grid) act(post) object(functions.init) file(functions.js)
[2018-03-26T16:21:56.658] [TRACE] mc - file loading=./lib/appenders/functions.js rte(/get/roles/grid) act(post) object(promise_toolkit_factory.appender) file(app.js)
[2018-03-26T16:21:56.659] [INFO] mc - checking function(f1o.init) rte(/get/roles/grid) act(post) object(functions.init) file(functions.js)
[2018-03-26T16:21:56.659] [TRACE] mc - looking for class(f1o) rte(/get/roles/grid) act(post) object(promise_toolkit_factory.find_class) file(app.js)
[2018-03-26T16:21:56.660] [DEBUG] mc - function(f1o)=(f1o) confirmed rte(/get/roles/grid) act(post) object(functions.init) file(functions.js)
[2018-03-26T16:21:56.660] [INFO] mc - checking function(f1o.render) rte(/get/roles/grid) act(post) object(functions.init) file(functions.js)
[2018-03-26T16:21:56.661] [TRACE] mc - looking for class(f1o) rte(/get/roles/grid) act(post) object(promise_toolkit_factory.find_class) file(app.js)
[2018-03-26T16:21:56.661] [DEBUG] mc - function(f1o)=(f1o) confirmed rte(/get/roles/grid) act(post) object(functions.init) file(functions.js)
[2018-03-26T16:21:56.663] [TRACE] mc - file loading=./lib/appenders/promises.js rte(/get/roles/grid) act(post) object(promise_toolkit_factory.appender) file(app.js)
[2018-03-26T16:21:56.666] [TRACE] mc - run() rte(/get/roles/grid) act(post) object(promise_toolkit_factory.run) file(app.js)
[2018-03-26T16:21:56.666] [DEBUG] mc - run these flows conf({"flows":[1,2]}) rte(/get/roles/grid) act(post) object(promises.run) file(promises.js)
[2018-03-26T16:21:56.666] [DEBUG] mc - run these flows conf({"flows":[1,2]}) rte(/get/roles/grid) act(post) object(promises.regular) file(promises.js)
[2018-03-26T16:21:56.771] [DEBUG] mc - process jo={"flow":1} rte(/get/roles/grid) act(post) object(promises.process) file(promises.js)
[2018-03-26T16:21:56.772] [DEBUG] mc - process flow=1 rte(/get/roles/grid) act(post) object(promises.process) file(promises.js)
[2018-03-26T16:21:56.772] [TRACE] mc - run() rte(/get/roles/grid) act(post) object(promise_toolkit_factory.getFlowAppender) file(app.js)
[2018-03-26T16:21:56.773] [DEBUG] mc - process jo={"flow":2} rte(/get/roles/grid) act(post) object(promises.process) file(promises.js)
[2018-03-26T16:21:56.774] [DEBUG] mc - process flow=2 rte(/get/roles/grid) act(post) object(promises.process) file(promises.js)
[2018-03-26T16:21:56.774] [TRACE] mc - run() rte(/get/roles/grid) act(post) object(promise_toolkit_factory.getFlowAppender) file(app.js)
[2018-03-26T16:21:56.873] [DEBUG] mc - debug 22.01 rte(/get/roles/grid) act(post) object(roles_grid.init) file(roles_grid.js)
[2018-03-26T16:21:56.876] [TRACE] mc - run() rte(/get/roles/grid) act(post) object(promise_toolkit_factory.getVars) file(app.js)
[2018-03-26T16:21:56.877] [DEBUG] mc - debug 22.02 dir(C:\Users\jimma\nodejs\mobileCEO - v1.10\mapResume\views\pages/roles) rte(/get/roles/grid) act(post) object(roles_grid.render) file(roles_grid.js)
[2018-03-26T16:22:13.725] [DEBUG] mc - route(/get/map/access) rte(/get/map/access) reqIP(::1) act(post) lne(processRoute(): helper/server.js:103:12)
[2018-03-26T16:22:13.731] [TRACE] mc -  rte(/get/map/access) act(get) lne(init(): lib/mceo.js:79:12)
[2018-03-26T16:22:13.731] [TRACE] mc -  rte(/get/map/access) act(get) lne(construct(): lib/set.js:22:12)
[2018-03-26T16:22:13.732] [TRACE] mc -  rte(/get/map/access) act(get) lne(vars(): lib/set.js:27:12)
[2018-03-26T16:22:13.732] [DEBUG] mc -  name(stw) value([object Object]) rte(/get/map/access) act(get) lne(vars(): lib/set.js:31:14)
[2018-03-26T16:22:13.733] [DEBUG] mc -  name(log) value([object Object]) rte(/get/map/access) act(get) lne(vars(): lib/set.js:31:14)
[2018-03-26T16:22:13.733] [DEBUG] mc -  name(logger) value([object Object]) rte(/get/map/access) act(get) lne(vars(): lib/set.js:31:14)
[2018-03-26T16:22:13.733] [DEBUG] mc -  name(dbo) value([object Object]) rte(/get/map/access) act(get) lne(vars(): lib/set.js:31:14)
[2018-03-26T16:22:13.733] [DEBUG] mc -  name(routes) value([object Object]) rte(/get/map/access) act(get) lne(vars(): lib/set.js:31:14)
[2018-03-26T16:22:13.733] [DEBUG] mc -  name(req) value([object Object]) rte(/get/map/access) act(get) lne(vars(): lib/set.js:31:14)
[2018-03-26T16:22:13.733] [DEBUG] mc -  name(res) value([object Object]) rte(/get/map/access) act(get) lne(vars(): lib/set.js:31:14)
[2018-03-26T16:22:13.733] [DEBUG] mc -  name(resource) value([object Object]) rte(/get/map/access) act(get) lne(vars(): lib/set.js:31:14)
[2018-03-26T16:22:13.734] [DEBUG] mc -  name(render) value([object Object]) rte(/get/map/access) act(get) lne(vars(): lib/set.js:31:14)
[2018-03-26T16:22:13.734] [DEBUG] mc -  name(tasks) value([object Object]) rte(/get/map/access) act(get) lne(vars(): lib/set.js:31:14)
[2018-03-26T16:22:13.735] [TRACE] mc -  rte(/get/map/access) act(get) lne(process(): lib/mceo.js:85:12)
[2018-03-26T16:22:13.735] [DEBUG] mc -  render=./response/map_access rte(/get/map/access) act(get) lne(process(): lib/mceo.js:90:13)
[2018-03-26T16:22:13.741] [TRACE] mc -  rte(/get/map/access) act(get) lne(construct(): response/map_access.js:27:13)
[2018-03-26T16:22:13.741] [TRACE] mc -  rte(/get/map/access) act(get) lne(init(): response/map_access.js:34:12)
[2018-03-26T16:22:13.741] [TRACE] mc -  rte(/get/map/access) act(get) lne(process_tasks(): response/map_access.js:41:13)
[2018-03-26T16:22:13.741] [DEBUG] mc - debug 10.00 =get_token rte(/get/map/access) act(get) lne(process_tasks(): response/map_access.js:47:16)
[2018-03-26T16:22:13.741] [TRACE] mc -  rte(/get/map/access) act(get) lne(get_token(): response/map_access.js:79:12)
[2018-03-26T16:22:13.742] [TRACE] mc -  rte(/get/map/access) act(get) lne(token_loaded(): response/map_access.js:61:12)
[2018-03-26T16:22:13.742] [TRACE] mc -  rte(/get/map/access) act(get) lne(construct(): lib/token.js:25:12)
[2018-03-26T16:22:13.742] [TRACE] mc -  rte(/get/map/access) act(get) lne(get(): lib/token.js:32:12)
[2018-03-26T16:22:13.744] [DEBUG] mc - 20 bytes of random data: 43fb1118bf505b6c3a175ea1740a98c654f664bd rte(/get/map/access) act(get) lne(ondone(): lib/token.js:38:14)
[2018-03-26T16:22:13.744] [TRACE] mc -  rte(/get/map/access) act(get) lne(res_token(): response/map_access.js:84:12)
[2018-03-26T16:22:13.744] [TRACE] mc -  rte(/get/map/access) act(get) lne(process_tasks(): response/map_access.js:41:13)
[2018-03-26T16:22:13.744] [DEBUG] mc - debug 10.00 =render rte(/get/map/access) act(get) lne(process_tasks(): response/map_access.js:47:16)
[2018-03-26T16:22:13.745] [TRACE] mc -  rte(/get/map/access) act(get) lne(render(): response/map_access.js:133:12)
[2018-03-26T16:22:13.745] [DEBUG] mc - page(pages/index) response token(43fb1118bf505b6c3a175ea1740a98c654f664bd) rte(/get/map/access) act(get) lne(render(): response/map_access.js:136:13)
[2018-03-26T16:22:15.105] [DEBUG] mc - route(/get/map/access/data) rte(/get/map/access/data) reqIP(::1) act(post) lne(processRoute(): helper/server.js:103:12)
[2018-03-26T16:22:15.110] [TRACE] mc -  rte(/get/map/access/data) act(get) lne(init(): lib/mceo.js:79:12)
[2018-03-26T16:22:15.110] [TRACE] mc -  rte(/get/map/access/data) act(get) lne(construct(): lib/set.js:22:12)
[2018-03-26T16:22:15.110] [TRACE] mc -  rte(/get/map/access/data) act(get) lne(vars(): lib/set.js:27:12)
[2018-03-26T16:22:15.110] [DEBUG] mc -  name(stw) value([object Object]) rte(/get/map/access/data) act(get) lne(vars(): lib/set.js:31:14)
[2018-03-26T16:22:15.110] [DEBUG] mc -  name(log) value([object Object]) rte(/get/map/access/data) act(get) lne(vars(): lib/set.js:31:14)
[2018-03-26T16:22:15.110] [DEBUG] mc -  name(logger) value([object Object]) rte(/get/map/access/data) act(get) lne(vars(): lib/set.js:31:14)
[2018-03-26T16:22:15.110] [DEBUG] mc -  name(dbo) value([object Object]) rte(/get/map/access/data) act(get) lne(vars(): lib/set.js:31:14)
[2018-03-26T16:22:15.110] [DEBUG] mc -  name(routes) value([object Object]) rte(/get/map/access/data) act(get) lne(vars(): lib/set.js:31:14)
[2018-03-26T16:22:15.110] [DEBUG] mc -  name(req) value([object Object]) rte(/get/map/access/data) act(get) lne(vars(): lib/set.js:31:14)
[2018-03-26T16:22:15.110] [DEBUG] mc -  name(res) value([object Object]) rte(/get/map/access/data) act(get) lne(vars(): lib/set.js:31:14)
[2018-03-26T16:22:15.111] [DEBUG] mc -  name(uid) value(f2c2aca33b) rte(/get/map/access/data) act(get) lne(vars(): lib/set.js:31:14)
[2018-03-26T16:22:15.111] [DEBUG] mc -  name(cid) value(43fb1118bf505b6c3a175ea1740a98c654f664bd;) rte(/get/map/access/data) act(get) lne(vars(): lib/set.js:31:14)
[2018-03-26T16:22:15.111] [DEBUG] mc -  name(resource) value([object Object]) rte(/get/map/access/data) act(get) lne(vars(): lib/set.js:31:14)
[2018-03-26T16:22:15.111] [DEBUG] mc -  name(render) value([object Object]) rte(/get/map/access/data) act(get) lne(vars(): lib/set.js:31:14)
[2018-03-26T16:22:15.111] [DEBUG] mc -  name(tasks) value([object Object]) rte(/get/map/access/data) act(get) lne(vars(): lib/set.js:31:14)
[2018-03-26T16:22:15.112] [TRACE] mc -  rte(/get/map/access/data) act(get) lne(process(): lib/mceo.js:85:12)
[2018-03-26T16:22:15.114] [DEBUG] mc -  render=./response/map_access rte(/get/map/access/data) act(get) lne(process(): lib/mceo.js:90:13)
[2018-03-26T16:22:15.114] [TRACE] mc -  rte(/get/map/access/data) act(get) lne(construct(): response/map_access.js:27:13)
[2018-03-26T16:22:15.114] [TRACE] mc -  rte(/get/map/access/data) act(get) lne(init(): response/map_access.js:34:12)
[2018-03-26T16:22:15.114] [TRACE] mc -  rte(/get/map/access/data) act(get) lne(process_tasks(): response/map_access.js:41:13)
[2018-03-26T16:22:15.115] [DEBUG] mc - debug 10.00 =do_table_check rte(/get/map/access/data) act(get) lne(process_tasks(): response/map_access.js:47:16)
[2018-03-26T16:22:15.115] [TRACE] mc -  rte(/get/map/access/data) act(get) lne(do_table_check(): response/map_access.js:94:12)
[2018-03-26T16:22:15.115] [TRACE] mc -  rte(/get/map/access/data) act(get) lne(construct(): tables/main.js:14:13)
[2018-03-26T16:22:15.117] [TRACE] mc -  rte(/get/map/access/data) act(get) lne(construct(): response/return_jo.js:24:12)
[2018-03-26T16:22:15.117] [TRACE] mc -  rte(/get/map/access/data) act(get) lne(table_check(): tables/main.js:21:12)
[2018-03-26T16:22:15.117] [DEBUG] mc - sql(DESC mceo.access_queue;) rte(/get/map/access/data) act(get) lne(table_check(): tables/main.js:34:13)
[2018-03-26T16:22:15.117] [DEBUG] mc - sql=DESC mceo.access_queue; rte(/get/map/access/data) lne(query(): lib/mysql_object.js:40:13)
[2018-03-26T16:22:15.140] [TRACE] mc -  rte(/get/map/access/data) act(get) lne(table_check(): tables/main.js:21:12)
[2018-03-26T16:22:15.140] [DEBUG] mc - sql(DESC mceo.return_jo;) rte(/get/map/access/data) act(get) lne(table_check(): tables/main.js:34:13)
[2018-03-26T16:22:15.141] [DEBUG] mc - sql=DESC mceo.return_jo; rte(/get/map/access/data) lne(query(): lib/mysql_object.js:40:13)
[2018-03-26T16:22:15.146] [TRACE] mc -  rte(/get/map/access/data) act(get) lne(table_check(): tables/main.js:21:12)
[2018-03-26T16:22:15.147] [TRACE] mc -  rte(/get/map/access/data) act(get) lne(check_access(): tables/table_main.js:14:12)
[2018-03-26T16:22:15.147] [DEBUG] mc - sql=SELECT COUNT(*) AS	cnt FROM mceo.access AS acc, mceo.users AS usr WHERE acc.uid_id = usr.id AND usr.uid = "f2c2aca33b"  rte(/get/map/access/data) lne(query(): lib/mysql_object.js:40:13)
[2018-03-26T16:22:15.152] [TRACE] mc -  rte(/get/map/access/data) act(get) lne(get_init(): response/map_access.js:106:12)
[2018-03-26T16:22:15.152] [TRACE] mc -  rte(/get/map/access/data) act(get) lne(get(): response/return_jo.js:28:12)
[2018-03-26T16:22:15.152] [DEBUG] mc - sql=SELECT jo FROM mceo.return_jo WHERE ret_id=1001  rte(/get/map/access/data) lne(query(): lib/mysql_object.js:40:13)
[2018-03-26T16:22:15.153] [DEBUG] mc - records found rows=object rte(/get/map/access/data) act(get) lne(<anonymous>(): response/return_jo.js:40:15)
[2018-03-26T16:22:15.154] [TRACE] mc -  rte(/get/map/access/data) act(get) lne(post_access_queue(): tables/table_main.js:32:12)
[2018-03-26T16:22:15.154] [DEBUG] mc - q1=SELECT COUNT(*) AS cnt FROM mceo.access AS acc, mceo.users AS usr WHERE acc.uid_id = usr.id AND usr.uid = "f2c2aca33b"  rte(/get/map/access/data) act(get) lne(post_access_queue(): tables/table_main.js:41:13)
[2018-03-26T16:22:15.154] [DEBUG] mc - sql=SELECT COUNT(*) AS cnt FROM mceo.access AS acc, mceo.users AS usr WHERE acc.uid_id = usr.id AND usr.uid = "f2c2aca33b"  rte(/get/map/access/data) lne(query(): lib/mysql_object.js:40:13)
[2018-03-26T16:22:15.155] [DEBUG] mc - q1=SELECT COUNT(*) AS cnt, acc.uid_id AS uid_id FROM mceo.access AS acc, mceo.users AS usr WHERE acc.uid_id = usr.id AND usr.uid = "f2c2aca33b" GROUP BY acc.uid_id  rte(/get/map/access/data) act(get) lne(<anonymous>(): tables/table_main.js:49:16)
[2018-03-26T16:22:15.155] [DEBUG] mc - sql=SELECT COUNT(*) AS cnt, acc.uid_id AS uid_id FROM mceo.access AS acc, mceo.users AS usr WHERE acc.uid_id = usr.id AND usr.uid = "f2c2aca33b" GROUP BY acc.uid_id  rte(/get/map/access/data) lne(query(): lib/mysql_object.js:40:13)
[2018-03-26T16:22:15.156] [DEBUG] mc - q2=SELECT COUNT(*) AS cnt FROM mceo.access_queue WHERE uid_id = 1 AND cid = "43fb1118bf505b6c3a175ea1740a98c654f664bd;" AND resource_id = 1  rte(/get/map/access/data) act(get) lne(<anonymous>(): tables/table_main.js:58:19)
[2018-03-26T16:22:15.156] [DEBUG] mc - sql=SELECT COUNT(*) AS cnt FROM mceo.access_queue WHERE uid_id = 1 AND cid = "43fb1118bf505b6c3a175ea1740a98c654f664bd;" AND resource_id = 1  rte(/get/map/access/data) lne(query(): lib/mysql_object.js:40:13)
[2018-03-26T16:22:15.157] [DEBUG] mc - q(INSERT INTO mceo.access_queue (uid_id, resource_id, cid, return_code) VALUES(1,1,"43fb1118bf505b6c3a175ea1740a98c654f664bd;",0)) rte(/get/map/access/data) act(get) lne(<anonymous>(): tables/table_main.js:69:21)
[2018-03-26T16:22:15.158] [DEBUG] mc - sql=INSERT INTO mceo.access_queue (uid_id, resource_id, cid, return_code) VALUES(1,1,"43fb1118bf505b6c3a175ea1740a98c654f664bd;",0) rte(/get/map/access/data) lne(query(): lib/mysql_object.js:40:13)
[2018-03-26T16:22:15.161] [DEBUG] mc - q(INSERT INTO mceo.access_queue (uid_id, resource_id, cid, return_code) VALUES(1,1,"43fb1118bf505b6c3a175ea1740a98c654f664bd;",0)) record inserted rte(/get/map/access/data) act(get) lne(<anonymous>(): tables/table_main.js:72:23)
[2018-03-26T16:22:15.161] [TRACE] mc -  rte(/get/map/access/data) act(get) lne(post(): response/map_access.js:123:13)
[2018-03-26T19:18:54.234] [DEBUG] mc - route(/get/map/access/data) rte(/get/map/access/data) reqIP(::1) act(post) lne(processRoute(): helper/server.js:103:12)
[2018-03-26T19:18:54.248] [TRACE] mc -  rte(/get/map/access/data) act(get) lne(init(): lib/mceo.js:79:12)
[2018-03-26T19:18:54.248] [TRACE] mc -  rte(/get/map/access/data) act(get) lne(construct(): lib/set.js:22:12)
[2018-03-26T19:18:54.249] [TRACE] mc -  rte(/get/map/access/data) act(get) lne(vars(): lib/set.js:27:12)
[2018-03-26T19:18:54.249] [DEBUG] mc -  name(stw) value([object Object]) rte(/get/map/access/data) act(get) lne(vars(): lib/set.js:31:14)
[2018-03-26T19:18:54.249] [DEBUG] mc -  name(log) value([object Object]) rte(/get/map/access/data) act(get) lne(vars(): lib/set.js:31:14)
[2018-03-26T19:18:54.250] [DEBUG] mc -  name(logger) value([object Object]) rte(/get/map/access/data) act(get) lne(vars(): lib/set.js:31:14)
[2018-03-26T19:18:54.250] [DEBUG] mc -  name(dbo) value([object Object]) rte(/get/map/access/data) act(get) lne(vars(): lib/set.js:31:14)
[2018-03-26T19:18:54.251] [DEBUG] mc -  name(routes) value([object Object]) rte(/get/map/access/data) act(get) lne(vars(): lib/set.js:31:14)
[2018-03-26T19:18:54.252] [DEBUG] mc -  name(req) value([object Object]) rte(/get/map/access/data) act(get) lne(vars(): lib/set.js:31:14)
[2018-03-26T19:18:54.252] [DEBUG] mc -  name(res) value([object Object]) rte(/get/map/access/data) act(get) lne(vars(): lib/set.js:31:14)
[2018-03-26T19:18:54.252] [DEBUG] mc -  name(uid) value(f2c2aca33b) rte(/get/map/access/data) act(get) lne(vars(): lib/set.js:31:14)
[2018-03-26T19:18:54.252] [DEBUG] mc -  name(cid) value(43fb1118bf505b6c3a175ea1740a98c654f664bd;) rte(/get/map/access/data) act(get) lne(vars(): lib/set.js:31:14)
[2018-03-26T19:18:54.254] [DEBUG] mc -  name(resource) value([object Object]) rte(/get/map/access/data) act(get) lne(vars(): lib/set.js:31:14)
[2018-03-26T19:18:54.254] [DEBUG] mc -  name(render) value([object Object]) rte(/get/map/access/data) act(get) lne(vars(): lib/set.js:31:14)
[2018-03-26T19:18:54.259] [DEBUG] mc -  name(tasks) value([object Object]) rte(/get/map/access/data) act(get) lne(vars(): lib/set.js:31:14)
[2018-03-26T19:18:54.266] [TRACE] mc -  rte(/get/map/access/data) act(get) lne(process(): lib/mceo.js:85:12)
[2018-03-26T19:18:54.266] [DEBUG] mc -  render=./response/map_access rte(/get/map/access/data) act(get) lne(process(): lib/mceo.js:90:13)
[2018-03-26T19:18:54.266] [TRACE] mc -  rte(/get/map/access/data) act(get) lne(construct(): response/map_access.js:27:13)
[2018-03-26T19:18:54.266] [TRACE] mc -  rte(/get/map/access/data) act(get) lne(init(): response/map_access.js:34:12)
[2018-03-26T19:18:54.266] [TRACE] mc -  rte(/get/map/access/data) act(get) lne(process_tasks(): response/map_access.js:41:13)
[2018-03-26T19:18:54.266] [DEBUG] mc - debug 10.00 =do_table_check rte(/get/map/access/data) act(get) lne(process_tasks(): response/map_access.js:47:16)
[2018-03-26T19:18:54.267] [TRACE] mc -  rte(/get/map/access/data) act(get) lne(do_table_check(): response/map_access.js:94:12)
[2018-03-26T19:18:54.267] [TRACE] mc -  rte(/get/map/access/data) act(get) lne(construct(): tables/main.js:14:13)
[2018-03-26T19:18:54.267] [TRACE] mc -  rte(/get/map/access/data) act(get) lne(construct(): response/return_jo.js:24:12)
[2018-03-26T19:18:54.267] [TRACE] mc -  rte(/get/map/access/data) act(get) lne(table_check(): tables/main.js:21:12)
[2018-03-26T19:18:54.267] [DEBUG] mc - sql(DESC mceo.access_queue;) rte(/get/map/access/data) act(get) lne(table_check(): tables/main.js:34:13)
[2018-03-26T19:18:54.267] [DEBUG] mc - sql=DESC mceo.access_queue; rte(/get/map/access/data) lne(query(): lib/mysql_object.js:40:13)
[2018-03-26T19:18:54.280] [TRACE] mc -  rte(/get/map/access/data) act(get) lne(table_check(): tables/main.js:21:12)
[2018-03-26T19:18:54.280] [DEBUG] mc - sql(DESC mceo.return_jo;) rte(/get/map/access/data) act(get) lne(table_check(): tables/main.js:34:13)
[2018-03-26T19:18:54.281] [DEBUG] mc - sql=DESC mceo.return_jo; rte(/get/map/access/data) lne(query(): lib/mysql_object.js:40:13)
[2018-03-26T19:18:54.282] [TRACE] mc -  rte(/get/map/access/data) act(get) lne(table_check(): tables/main.js:21:12)
[2018-03-26T19:18:54.283] [TRACE] mc -  rte(/get/map/access/data) act(get) lne(check_access(): tables/table_main.js:14:12)
[2018-03-26T19:18:54.283] [DEBUG] mc - sql=SELECT COUNT(*) AS	cnt FROM mceo.access AS acc, mceo.users AS usr WHERE acc.uid_id = usr.id AND usr.uid = "f2c2aca33b"  rte(/get/map/access/data) lne(query(): lib/mysql_object.js:40:13)
[2018-03-26T19:18:54.285] [TRACE] mc -  rte(/get/map/access/data) act(get) lne(get_init(): response/map_access.js:106:12)
[2018-03-26T19:18:54.286] [TRACE] mc -  rte(/get/map/access/data) act(get) lne(get(): response/return_jo.js:28:12)
[2018-03-26T19:18:54.286] [DEBUG] mc - sql=SELECT jo FROM mceo.return_jo WHERE ret_id=1001  rte(/get/map/access/data) lne(query(): lib/mysql_object.js:40:13)
[2018-03-26T19:18:54.287] [DEBUG] mc - records found rows=object rte(/get/map/access/data) act(get) lne(<anonymous>(): response/return_jo.js:40:15)
[2018-03-26T19:18:54.288] [TRACE] mc -  rte(/get/map/access/data) act(get) lne(post_access_queue(): tables/table_main.js:32:12)
[2018-03-26T19:18:54.288] [DEBUG] mc - q1=SELECT COUNT(*) AS cnt FROM mceo.access AS acc, mceo.users AS usr WHERE acc.uid_id = usr.id AND usr.uid = "f2c2aca33b"  rte(/get/map/access/data) act(get) lne(post_access_queue(): tables/table_main.js:41:13)
[2018-03-26T19:18:54.288] [DEBUG] mc - sql=SELECT COUNT(*) AS cnt FROM mceo.access AS acc, mceo.users AS usr WHERE acc.uid_id = usr.id AND usr.uid = "f2c2aca33b"  rte(/get/map/access/data) lne(query(): lib/mysql_object.js:40:13)
[2018-03-26T19:18:54.294] [DEBUG] mc - q1=SELECT COUNT(*) AS cnt, acc.uid_id AS uid_id FROM mceo.access AS acc, mceo.users AS usr WHERE acc.uid_id = usr.id AND usr.uid = "f2c2aca33b" GROUP BY acc.uid_id  rte(/get/map/access/data) act(get) lne(<anonymous>(): tables/table_main.js:49:16)
[2018-03-26T19:18:54.294] [DEBUG] mc - sql=SELECT COUNT(*) AS cnt, acc.uid_id AS uid_id FROM mceo.access AS acc, mceo.users AS usr WHERE acc.uid_id = usr.id AND usr.uid = "f2c2aca33b" GROUP BY acc.uid_id  rte(/get/map/access/data) lne(query(): lib/mysql_object.js:40:13)
[2018-03-26T19:18:54.298] [DEBUG] mc - q2=SELECT COUNT(*) AS cnt FROM mceo.access_queue WHERE uid_id = 1 AND cid = "43fb1118bf505b6c3a175ea1740a98c654f664bd;" AND resource_id = 1  rte(/get/map/access/data) act(get) lne(<anonymous>(): tables/table_main.js:58:19)
[2018-03-26T19:18:54.298] [DEBUG] mc - sql=SELECT COUNT(*) AS cnt FROM mceo.access_queue WHERE uid_id = 1 AND cid = "43fb1118bf505b6c3a175ea1740a98c654f664bd;" AND resource_id = 1  rte(/get/map/access/data) lne(query(): lib/mysql_object.js:40:13)
[2018-03-26T19:18:54.299] [TRACE] mc -  rte(/get/map/access/data) act(get) lne(post(): response/map_access.js:123:13)
